<?xml version="1.0" encoding="UTF-8"?>
<coverage generated="1762199231523" clover="3.2.0">
  <project timestamp="1762199231523" name="All files">
    <metrics statements="17" coveredstatements="17" conditionals="7" coveredconditionals="6" methods="4" coveredmethods="4" elements="28" coveredelements="27" complexity="0" loc="17" ncloc="17" packages="1" files="1" classes="1"/>
    <file name="cupom.js" path="C:\Users\Thiago\Desktop\Projetos\Validacao de Cupom\cupom.js">
      <metrics statements="17" coveredstatements="17" conditionals="7" coveredconditionals="6" methods="4" coveredmethods="4"/>
      <line num="4" count="6" type="stmt"/>
      <line num="5" count="6" type="stmt"/>
      <line num="6" count="6" type="stmt"/>
      <line num="7" count="6" type="stmt"/>
      <line num="13" count="2" type="stmt"/>
      <line num="14" count="2" type="stmt"/>
      <line num="20" count="1" type="stmt"/>
      <line num="21" count="1" type="stmt"/>
      <line num="27" count="6" type="stmt"/>
      <line num="29" count="6" type="cond" truecount="2" falsecount="0"/>
      <line num="30" count="1" type="stmt"/>
      <line num="33" count="5" type="cond" truecount="2" falsecount="0"/>
      <line num="34" count="1" type="stmt"/>
      <line num="37" count="4" type="cond" truecount="2" falsecount="0"/>
      <line num="38" count="1" type="stmt"/>
      <line num="41" count="3" type="stmt"/>
      <line num="45" count="1" type="stmt"/>
    </file>
  </project>
</coverage>
