{"C:\\Users\\Thiago\\Desktop\\Projetos\\Validacao de Cupom\\cupom.js": {"path":"C:\\Users\\Thiago\\Desktop\\Projetos\\Validacao de Cupom\\cupom.js","statementMap":{"0":{"start":{"line":4,"column":4},"end":{"line":4,"column":25}},"1":{"start":{"line":5,"column":4},"end":{"line":5,"column":37}},"2":{"start":{"line":6,"column":4},"end":{"line":6,"column":47}},"3":{"start":{"line":7,"column":4},"end":{"line":7,"column":23}},"4":{"start":{"line":13,"column":4},"end":{"line":13,"column":19}},"5":{"start":{"line":14,"column":4},"end":{"line":14,"column":41}},"6":{"start":{"line":20,"column":4},"end":{"line":20,"column":19}},"7":{"start":{"line":21,"column":4},"end":{"line":21,"column":47}},"8":{"start":{"line":27,"column":17},"end":{"line":27,"column":27}},"9":{"start":{"line":29,"column":4},"end":{"line":31,"column":5}},"10":{"start":{"line":30,"column":6},"end":{"line":30,"column":64}},"11":{"start":{"line":33,"column":4},"end":{"line":35,"column":5}},"12":{"start":{"line":34,"column":6},"end":{"line":34,"column":65}},"13":{"start":{"line":37,"column":4},"end":{"line":39,"column":5}},"14":{"start":{"line":38,"column":6},"end":{"line":38,"column":90}},"15":{"start":{"line":41,"column":4},"end":{"line":41,"column":16}},"16":{"start":{"line":45,"column":0},"end":{"line":50,"column":2}}},"fnMap":{"0":{"name":"(anonymous_0)","decl":{"start":{"line":3,"column":2},"end":{"line":3,"column":3}},"loc":{"start":{"line":3,"column":70},"end":{"line":8,"column":3}},"line":3},"1":{"name":"(anonymous_1)","decl":{"start":{"line":12,"column":2},"end":{"line":12,"column":3}},"loc":{"start":{"line":12,"column":23},"end":{"line":15,"column":3}},"line":12},"2":{"name":"(anonymous_2)","decl":{"start":{"line":19,"column":2},"end":{"line":19,"column":3}},"loc":{"start":{"line":19,"column":23},"end":{"line":22,"column":3}},"line":19},"3":{"name":"(anonymous_3)","decl":{"start":{"line":26,"column":2},"end":{"line":26,"column":3}},"loc":{"start":{"line":26,"column":30},"end":{"line":42,"column":3}},"line":26}},"branchMap":{"0":{"loc":{"start":{"line":3,"column":55},"end":{"line":3,"column":68}},"type":"default-arg","locations":[{"start":{"line":3,"column":63},"end":{"line":3,"column":68}}],"line":3},"1":{"loc":{"start":{"line":29,"column":4},"end":{"line":31,"column":5}},"type":"if","locations":[{"start":{"line":29,"column":4},"end":{"line":31,"column":5}},{"start":{},"end":{}}],"line":29},"2":{"loc":{"start":{"line":33,"column":4},"end":{"line":35,"column":5}},"type":"if","locations":[{"start":{"line":33,"column":4},"end":{"line":35,"column":5}},{"start":{},"end":{}}],"line":33},"3":{"loc":{"start":{"line":37,"column":4},"end":{"line":39,"column":5}},"type":"if","locations":[{"start":{"line":37,"column":4},"end":{"line":39,"column":5}},{"start":{},"end":{}}],"line":37}},"s":{"0":6,"1":6,"2":6,"3":6,"4":2,"5":2,"6":1,"7":1,"8":6,"9":6,"10":1,"11":5,"12":1,"13":4,"14":1,"15":3,"16":1},"f":{"0":6,"1":2,"2":1,"3":6},"b":{"0":[0],"1":[1,5],"2":[1,4],"3":[1,3]},"_coverageSchema":"1a1c01bbd47fc00a2c39e90264f33305004495a9","hash":"20ce28dfa38bceaa5e4ea767d3cc8981856088ba"}
}
